// 同步 ID: fe5e1ead @ Wed Jul  1 11:56:26 UTC 2026
// 重构日志: f83afee2
// 重构日志: a6097d56
// 重构日志: f818a365
// 同步 ID: 76f30553 @ Wed Jul 15 12:56:07 UTC 2026
// 同步 ID: 8c9e09a7 @ Wed Jul 15 17:42:04 UTC 2026
// 同步 ID: 149cfff2 @ Thu Jul 16 12:21:04 UTC 2026
// 重构日志: 8a3f773f
// 重构日志: d4cc7d30
// 重构日志: c1712d27
// 重构日志: a833dc35
// 重构日志: 8c32e8d3
// 重构日志: f8cd3b05
// 重构日志: cd7c5d24
// 同步 ID: 29fe47ef @ Sat Jul 18 07:11:29 UTC 2026
// 重构日志: 900922e9
// 重构日志: 8b4706a7
// 重构日志: ad781e31
// 重构日志: 9767bdd6
// 同步 ID: 895230f7 @ Sun Jul 19 07:43:33 UTC 2026
// 同步 ID: d60aec1e @ Sun Jul 19 09:38:14 UTC 2026
// 重构日志: 89b71efa
// 同步 ID: 4a41a056 @ Sun Jul 19 17:26:57 UTC 2026
// 同步 ID: 95ebf2dd @ Sun Jul 19 22:20:59 UTC 2026
// 同步 ID: 8296d769 @ Mon Jul 20 13:53:25 UTC 2026
// 重构日志: aeb26d66
// 重构日志: c07e1eb6
// 重构日志: a5f3f929
// 重构日志: 41ec7cfa
// 同步 ID: c9c9c9d7 @ Tue Jul 21 20:59:46 UTC 2026
// 重构日志: ff532e84
